#-----------------------------------------------------------
# Vivado v2024.2 (64-bit)
# SW Build 5239630 on Fri Nov 08 22:35:27 MST 2024
# IP Build 5239520 on Sun Nov 10 16:12:51 MST 2024
# SharedData Build 5239561 on Fri Nov 08 14:39:27 MST 2024
# Start of session at: Wed Mar 19 16:04:02 2025
# Process ID         : 9368
# Current directory  : C:/Users/Dell/Desktop/m5/MILESTONE_5/project_5
# Command line       : vivado.exe -gui_launcher_event rodinguilauncherevent2644 C:\Users\Dell\Desktop\m5\MILESTONE_5\project_5\project_5.xpr
# Log file           : C:/Users/Dell/Desktop/m5/MILESTONE_5/project_5/vivado.log
# Journal file       : C:/Users/Dell/Desktop/m5/MILESTONE_5/project_5\vivado.jou
# Running On         : DESKTOP-ORD1HHC
# Platform           : Windows Server 2016 or Windows 10
# Operating System   : 19045
# Processor Detail   : Intel(R) Core(TM) i5-2500 CPU @ 3.30GHz
# CPU Frequency      : 3293 MHz
# CPU Physical cores : 4
# CPU Logical cores  : 4
# Host memory        : 17134 MB
# Swap memory        : 27559 MB
# Total Virtual      : 44694 MB
# Available Virtual  : 10093 MB
#-----------------------------------------------------------
start_gui
