INFO: [VRFC 10-2263] Analyzing SystemVerilog file "C:/Users/Dell/Desktop/m5/MILESTONE_5/project_5/project_5.srcs/sources_1/new/const.sv" into library xil_defaultlib
INFO: [VRFC 10-2263] Analyzing SystemVerilog file "C:/Users/Dell/Desktop/m5/MILESTONE_5/project_5/project_5.srcs/sources_1/new/op_const.sv" into library xil_defaultlib
INFO: [VRFC 10-2263] Analyzing SystemVerilog file "C:/Users/Dell/Desktop/m5/MILESTONE_5/project_5/project_5.srcs/sources_1/new/alu.sv" into library xil_defaultlib
INFO: [VRFC 10-311] analyzing module alu
INFO: [VRFC 10-2263] Analyzing SystemVerilog file "C:/Users/Dell/Desktop/m5/MILESTONE_5/project_5/project_5.srcs/sources_1/new/chunked_add.sv" into library xil_defaultlib
INFO: [VRFC 10-311] analyzing module chunked_add
INFO: [VRFC 10-2263] Analyzing SystemVerilog file "C:/Users/Dell/Desktop/m5/MILESTONE_5/project_5/project_5.srcs/sources_1/new/chunked_sub.sv" into library xil_defaultlib
INFO: [VRFC 10-311] analyzing module chunked_sub
WARNING: [VRFC 10-3380] identifier 'adder_width' is used before its declaration [C:/Users/Dell/Desktop/m5/MILESTONE_5/project_5/project_5.srcs/sources_1/new/chunked_sub.sv:6]
WARNING: [VRFC 10-3380] identifier 'adder_width' is used before its declaration [C:/Users/Dell/Desktop/m5/MILESTONE_5/project_5/project_5.srcs/sources_1/new/chunked_sub.sv:7]
WARNING: [VRFC 10-3380] identifier 'adder_width' is used before its declaration [C:/Users/Dell/Desktop/m5/MILESTONE_5/project_5/project_5.srcs/sources_1/new/chunked_sub.sv:8]
INFO: [VRFC 10-2263] Analyzing SystemVerilog file "C:/Users/Dell/Desktop/m5/MILESTONE_5/project_5/project_5.srcs/sources_1/new/core.sv" into library xil_defaultlib
INFO: [VRFC 10-311] analyzing module core
INFO: [VRFC 10-2263] Analyzing SystemVerilog file "C:/Users/Dell/Desktop/m5/MILESTONE_5/project_5/project_5.srcs/sources_1/new/float_const.sv" into library xil_defaultlib
INFO: [VRFC 10-2263] Analyzing SystemVerilog file "C:/Users/Dell/Desktop/m5/MILESTONE_5/project_5/project_5.srcs/sources_1/new/float_add_pipeline.sv" into library xil_defaultlib
INFO: [VRFC 10-311] analyzing module float_add_pipeline
INFO: [VRFC 10-2263] Analyzing SystemVerilog file "C:/Users/Dell/Desktop/m5/MILESTONE_5/project_5/project_5.srcs/sources_1/new/float_mul_pipeline.sv" into library xil_defaultlib
INFO: [VRFC 10-311] analyzing module float_mul_pipeline
INFO: [VRFC 10-2263] Analyzing SystemVerilog file "C:/Users/Dell/Desktop/m5/MILESTONE_5/project_5/project_5.srcs/sources_1/new/fp_alu.sv" into library xil_defaultlib
INFO: [VRFC 10-311] analyzing module fp_alu
INFO: [VRFC 10-2263] Analyzing SystemVerilog file "C:/Users/Dell/Desktop/m5/MILESTONE_5/project_5/project_5.srcs/sources_1/new/fused_mult_add.sv" into library xil_defaultlib
INFO: [VRFC 10-311] analyzing module fused_mult_add
INFO: [VRFC 10-2263] Analyzing SystemVerilog file "C:/Users/Dell/Desktop/m5/MILESTONE_5/project_5/project_5.srcs/sources_1/new/global_mem_controller.sv" into library xil_defaultlib
INFO: [VRFC 10-311] analyzing module global_mem_controller
INFO: [VRFC 10-2263] Analyzing SystemVerilog file "C:/Users/Dell/Desktop/m5/MILESTONE_5/project_5/project_5.srcs/sources_1/new/gpu_controller.sv" into library xil_defaultlib
INFO: [VRFC 10-311] analyzing module gpu_controller
INFO: [VRFC 10-2263] Analyzing SystemVerilog file "C:/Users/Dell/Desktop/m5/MILESTONE_5/project_5/project_5.srcs/sources_1/new/gpu_die.sv" into library xil_defaultlib
INFO: [VRFC 10-311] analyzing module gpu_die
INFO: [VRFC 10-2263] Analyzing SystemVerilog file "C:/Users/Dell/Desktop/m5/MILESTONE_5/project_5/project_5.srcs/sources_1/new/instruction_complete.sv" into library xil_defaultlib
INFO: [VRFC 10-311] analyzing module instruction_complete
INFO: [VRFC 10-2263] Analyzing SystemVerilog file "C:/Users/Dell/Desktop/m5/MILESTONE_5/project_5/project_5.srcs/sources_1/new/instruction_decoder.sv" into library xil_defaultlib
INFO: [VRFC 10-311] analyzing module instruction_decoder
INFO: [VRFC 10-2263] Analyzing SystemVerilog file "C:/Users/Dell/Desktop/m5/MILESTONE_5/project_5/project_5.srcs/sources_1/new/int_div_regfile.sv" into library xil_defaultlib
INFO: [VRFC 10-311] analyzing module int_div_regfile
INFO: [VRFC 10-2263] Analyzing SystemVerilog file "C:/Users/Dell/Desktop/m5/MILESTONE_5/project_5/project_5.srcs/sources_1/new/mul_pipeline_32bit.sv" into library xil_defaultlib
INFO: [VRFC 10-311] analyzing module mul_pipeline_32bit
INFO: [VRFC 10-2263] Analyzing SystemVerilog file "C:/Users/Dell/Desktop/m5/MILESTONE_5/project_5/project_5.srcs/sources_1/new/multi_cycle_24bit_2bpc_float.sv" into library xil_defaultlib
INFO: [VRFC 10-311] analyzing module mul_pipeline_cycle_24bit_2bpc
INFO: [VRFC 10-2263] Analyzing SystemVerilog file "C:/Users/Dell/Desktop/m5/MILESTONE_5/project_5/project_5.srcs/sources_1/new/op_auipc_handler.sv" into library xil_defaultlib
INFO: [VRFC 10-311] analyzing module op_auipc_handler
INFO: [VRFC 10-2263] Analyzing SystemVerilog file "C:/Users/Dell/Desktop/m5/MILESTONE_5/project_5/project_5.srcs/sources_1/new/op_branch_handler.sv" into library xil_defaultlib
INFO: [VRFC 10-311] analyzing module op_branch_handler
INFO: [VRFC 10-2263] Analyzing SystemVerilog file "C:/Users/Dell/Desktop/m5/MILESTONE_5/project_5/project_5.srcs/sources_1/new/op_imm_handler.sv" into library xil_defaultlib
INFO: [VRFC 10-311] analyzing module op_imm_handler
INFO: [VRFC 10-2263] Analyzing SystemVerilog file "C:/Users/Dell/Desktop/m5/MILESTONE_5/project_5/project_5.srcs/sources_1/new/op_jal_handler.sv" into library xil_defaultlib
INFO: [VRFC 10-311] analyzing module op_jal_handler
INFO: [VRFC 10-2263] Analyzing SystemVerilog file "C:/Users/Dell/Desktop/m5/MILESTONE_5/project_5/project_5.srcs/sources_1/new/op_jalr_handler.sv" into library xil_defaultlib
INFO: [VRFC 10-311] analyzing module op_jalr_handler
INFO: [VRFC 10-2263] Analyzing SystemVerilog file "C:/Users/Dell/Desktop/m5/MILESTONE_5/project_5/project_5.srcs/sources_1/new/op_lui_handler.sv" into library xil_defaultlib
INFO: [VRFC 10-311] analyzing module op_lui_handler
INFO: [VRFC 10-2263] Analyzing SystemVerilog file "C:/Users/Dell/Desktop/m5/MILESTONE_5/project_5/project_5.srcs/sources_1/new/regfile.sv" into library xil_defaultlib
INFO: [VRFC 10-311] analyzing module regfile
INFO: [VRFC 10-2263] Analyzing SystemVerilog file "C:/Users/Dell/Desktop/m5/MILESTONE_5/project_5/project_5.srcs/sim_1/new/gpu_die_driver_tb.sv" into library xil_defaultlib
INFO: [VRFC 10-311] analyzing module gpu_driver
